nohup: ignoring input

Attaching package: ‘CVXR’

The following objects are masked from ‘package:pracma’:

    conv, grad, size

The following object is masked from ‘package:stats’:

    power


Attaching package: ‘CVXR’

The following objects are masked from ‘package:pracma’:

    conv, grad, size

The following object is masked from ‘package:stats’:

    power


Attaching package: ‘CVXR’

The following objects are masked from ‘package:pracma’:

    conv, grad, size

The following object is masked from ‘package:stats’:

    power


Attaching package: ‘CVXR’

The following objects are masked from ‘package:pracma’:

    conv, grad, size

The following object is masked from ‘package:stats’:

    power


Attaching package: ‘CVXR’

The following objects are masked from ‘package:pracma’:

    conv, grad, size

The following object is masked from ‘package:stats’:

    power


Attaching package: ‘CVXR’

The following objects are masked from ‘package:pracma’:

    conv, grad, size

The following object is masked from ‘package:stats’:

    power


Attaching package: ‘CVXR’

The following objects are masked from ‘package:pracma’:

    conv, grad, size

The following object is masked from ‘package:stats’:

    power


Attaching package: ‘CVXR’

The following objects are masked from ‘package:pracma’:

    conv, grad, size

The following object is masked from ‘package:stats’:

    power


Attaching package: ‘CVXR’

The following objects are masked from ‘package:pracma’:

    conv, grad, size

The following object is masked from ‘package:stats’:

    power


Attaching package: ‘CVXR’

The following objects are masked from ‘package:pracma’:

    conv, grad, size

The following object is masked from ‘package:stats’:

    power


Attaching package: ‘CVXR’

The following objects are masked from ‘package:pracma’:

    conv, grad, size

The following object is masked from ‘package:stats’:

    power


Attaching package: ‘CVXR’

The following objects are masked from ‘package:pracma’:

    conv, grad, size

The following object is masked from ‘package:stats’:

    power


Attaching package: ‘CVXR’

The following objects are masked from ‘package:pracma’:

    conv, grad, size

The following object is masked from ‘package:stats’:

    power


Attaching package: ‘CVXR’

The following objects are masked from ‘package:pracma’:

    conv, grad, size

The following object is masked from ‘package:stats’:

    power


Attaching package: ‘CVXR’

The following objects are masked from ‘package:pracma’:

    conv, grad, size

The following object is masked from ‘package:stats’:

    power


Attaching package: ‘CVXR’

The following objects are masked from ‘package:pracma’:

    conv, grad, size

The following object is masked from ‘package:stats’:

    power


Attaching package: ‘CVXR’

The following object is masked from ‘package:stats’:

    power


Attaching package: ‘CVXR’

The following objects are masked from ‘package:pracma’:

    conv, grad, size

The following object is masked from ‘package:stats’:

    power


Attaching package: ‘CVXR’

The following objects are masked from ‘package:pracma’:

    conv, grad, size

The following object is masked from ‘package:stats’:

    power


Attaching package: ‘CVXR’

The following objects are masked from ‘package:pracma’:

    conv, grad, size

The following object is masked from ‘package:stats’:

    power


Attaching package: ‘CVXR’

The following objects are masked from ‘package:pracma’:

    conv, grad, size

The following object is masked from ‘package:stats’:

    power


Attaching package: ‘CVXR’

The following object is masked from ‘package:stats’:

    power


Attaching package: ‘CVXR’

The following object is masked from ‘package:stats’:

    power


Attaching package: ‘CVXR’

The following object is masked from ‘package:stats’:

    power


Attaching package: ‘CVXR’

The following object is masked from ‘package:stats’:

    power


Attaching package: ‘CVXR’

The following object is masked from ‘package:stats’:

    power


Attaching package: ‘CVXR’

The following object is masked from ‘package:stats’:

    power


Attaching package: ‘CVXR’

The following object is masked from ‘package:stats’:

    power


Attaching package: ‘CVXR’

The following object is masked from ‘package:stats’:

    power


Attaching package: ‘CVXR’

The following object is masked from ‘package:stats’:

    power


Attaching package: ‘CVXR’

The following object is masked from ‘package:stats’:

    power

